<!DOCTYPE html PUBLIC "-//W3C//DTD XHTML 1.1//EN" "http://www.w3.org/TR/xhtml11/DTD/xhtml11.dtd">
<html xmlns="http://www.w3.org/1999/xhtml">
<head>
<meta http-equiv="content-type" content="text/html; charset=UTF-8"/>
<title>TestNG Report</title>
<style type="text/css">table {margin-bottom:10px;border-collapse:collapse;empty-cells:show}th,td {border:1px solid #009;padding:.25em .5em}th {vertical-align:bottom}td {vertical-align:top}table a {font-weight:bold}.stripe td {background-color: #E6EBF9}.num {text-align:right}.passedodd td {background-color: #3F3}.passedeven td {background-color: #0A0}.skippedodd td {background-color: #DDD}.skippedeven td {background-color: #CCC}.failedodd td,.attn {background-color: #F33}.failedeven td,.stripe .attn {background-color: #D00}.stacktrace {white-space:pre;font-family:monospace}.totop {font-size:85%;text-align:center;border-bottom:2px solid #000}.invisible {display:none}</style>
</head>
<body>
<table>
<tr><th>Test</th><th># Passed</th><th># Skipped</th><th># Failed</th><th>Time (ms)</th><th>Included Groups</th><th>Excluded Groups</th></tr>
<tr><th colspan="7">HBO Automation Script</th></tr>
<tr><td><a href="#t0">Search</a></td><td class="num">26</td><td class="num attn">1</td><td class="num attn">5</td><td class="num">141,215</td><td></td><td></td></tr>
</table>
<table id='summary'><thead><tr><th>Class</th><th>Method</th><th>Start</th><th>Time (ms)</th></tr></thead><tbody><tr><th colspan="4">HBO Automation Script</th></tr></tbody><tbody id="t0"><tr><th colspan="4">Search &#8212; failed (configuration methods)</th></tr><tr class="failedeven"><td rowspan="1">testHomePage.TestMainPage</td><td><a href="#m0">afterEachTestMethod</a></td><td rowspan="1">1548474172206</td><td rowspan="1">20</td></tr><tr><th colspan="4">Search &#8212; failed</th></tr><tr class="failedeven"><td rowspan="5">testHomePage.TestMainPage</td><td><a href="#m1">MovieTitle</a></td><td rowspan="1">1548474033570</td><td rowspan="1">1438</td></tr><tr class="failedeven"><td><a href="#m2">getFacebook</a></td><td rowspan="1">1548474071806</td><td rowspan="1">20342</td></tr><tr class="failedeven"><td><a href="#m3">playVideo</a></td><td rowspan="1">1548474139000</td><td rowspan="1">10067</td></tr><tr class="failedeven"><td><a href="#m4">searchBox</a></td><td rowspan="1">1548474154607</td><td rowspan="1">10068</td></tr><tr class="failedeven"><td><a href="#m5">showImage</a></td><td rowspan="1">1548474170355</td><td rowspan="1">1850</td></tr><tr><th colspan="4">Search &#8212; skipped (configuration methods)</th></tr><tr class="skippedeven"><td rowspan="7">testHomePage.TestMainPage</td><td><a href="#m6">afterEachTestMethod</a></td><td rowspan="1">1548474172229</td><td rowspan="1">0</td></tr><tr class="skippedeven"><td><a href="#m7">cleanUP</a></td><td rowspan="2">1548474172227</td><td rowspan="2">0</td></tr><tr class="skippedeven"><td><a href="#m8">cleanUP</a></td></tr><tr class="skippedeven"><td><a href="#m9">generateReport</a></td><td rowspan="1">1548474172282</td><td rowspan="1">0</td></tr><tr class="skippedeven"><td><a href="#m10">getInformation</a></td><td rowspan="1">1548474172228</td><td rowspan="1">0</td></tr><tr class="skippedeven"><td><a href="#m11">setUp</a></td><td rowspan="1">1548474172228</td><td rowspan="1">0</td></tr><tr class="skippedeven"><td><a href="#m12">startExtent</a></td><td rowspan="1">1548474172228</td><td rowspan="1">0</td></tr><tr><th colspan="4">Search &#8212; skipped</th></tr><tr class="skippedeven"><td rowspan="1">testHomePage.TestMainPage</td><td><a href="#m13">signIn</a></td><td rowspan="1">1548474172229</td><td rowspan="1">0</td></tr><tr><th colspan="4">Search &#8212; passed</th></tr><tr class="passedeven"><td rowspan="26">testHomePage.TestMainPage</td><td><a href="#m14">checkMovies</a></td><td rowspan="1">1548474038601</td><td rowspan="1">1231</td></tr><tr class="passedeven"><td><a href="#m15">checkSpecials</a></td><td rowspan="1">1548474041906</td><td rowspan="1">904</td></tr><tr class="passedeven"><td><a href="#m16">dropDownHandle</a></td><td rowspan="1">1548474044912</td><td rowspan="1">3824</td></tr><tr class="passedeven"><td><a href="#m17">findepisodes</a></td><td rowspan="1">1548474050963</td><td rowspan="1">984</td></tr><tr class="passedeven"><td><a href="#m18">getAbout</a></td><td rowspan="1">1548474054157</td><td rowspan="1">1359</td></tr><tr class="passedeven"><td><a href="#m19">getAdChoices</a></td><td rowspan="1">1548474057658</td><td rowspan="1">688</td></tr><tr class="passedeven"><td><a href="#m20">getAllMovOrder</a></td><td rowspan="1">1548474060430</td><td rowspan="1">3134</td></tr><tr class="passedeven"><td><a href="#m21">getAssert</a></td><td rowspan="1">1548474065736</td><td rowspan="1">819</td></tr><tr class="passedeven"><td><a href="#m22">getCareerFrHbo</a></td><td rowspan="1">1548474068714</td><td rowspan="1">912</td></tr><tr class="passedeven"><td><a href="#m23">getHBo</a></td><td rowspan="1">1548474094760</td><td rowspan="1">1120</td></tr><tr class="passedeven"><td><a href="#m24">getHboInspire</a></td><td rowspan="1">1548474097918</td><td rowspan="1">1133</td></tr><tr class="passedeven"><td><a href="#m25">getHelpForHbo</a></td><td rowspan="1">1548474101115</td><td rowspan="1">921</td></tr><tr class="passedeven"><td><a href="#m26">getInstogram</a></td><td rowspan="1">1548474104158</td><td rowspan="1">1540</td></tr><tr class="passedeven"><td><a href="#m27">getPrivatePolicy</a></td><td rowspan="1">1548474107786</td><td rowspan="1">635</td></tr><tr class="passedeven"><td><a href="#m28">getShopping</a></td><td rowspan="1">1548474110497</td><td rowspan="1">437</td></tr><tr class="passedeven"><td><a href="#m29">getSportsUrl</a></td><td rowspan="1">1548474112938</td><td rowspan="1">1655</td></tr><tr class="passedeven"><td><a href="#m30">getTermsInHbo</a></td><td rowspan="1">1548474116599</td><td rowspan="1">623</td></tr><tr class="passedeven"><td><a href="#m31">getText</a></td><td rowspan="1">1548474119250</td><td rowspan="1">1852</td></tr><tr class="passedeven"><td><a href="#m32">getTitle</a></td><td rowspan="1">1548474123195</td><td rowspan="1">24</td></tr><tr class="passedeven"><td><a href="#m33">getTwitter</a></td><td rowspan="1">1548474125251</td><td rowspan="1">1171</td></tr><tr class="passedeven"><td><a href="#m34">getWaytoGet</a></td><td rowspan="1">1548474128517</td><td rowspan="1">1211</td></tr><tr class="passedeven"><td><a href="#m35">getWebElementList</a></td><td rowspan="1">1548474131660</td><td rowspan="1">758</td></tr><tr class="passedeven"><td><a href="#m36">kids</a></td><td rowspan="1">1548474134411</td><td rowspan="1">658</td></tr><tr class="passedeven"><td><a href="#m37">logoTab</a></td><td rowspan="1">1548474137054</td><td rowspan="1">44</td></tr><tr class="passedeven"><td><a href="#m38">schedule</a></td><td rowspan="1">1548474151837</td><td rowspan="1">624</td></tr><tr class="passedeven"><td><a href="#m39">searchIcon</a></td><td rowspan="1">1548474167492</td><td rowspan="1">703</td></tr></tbody>
</table>
<h2>Search</h2><h3 id="m0">testHomePage.TestMainPage#afterEachTestMethod</h3><table class="result"><tr class="param"><th>Parameter #1</th></tr><tr class="param stripe"><td>[TestResult name=showImage status=FAILURE method=TestMainPage.showImage()[pri:0, instance:testHomePage.TestMainPage@2f943d71] output={null}]</td></tr><tr><th>Exception</th></tr><tr><td><div class="stacktrace">org.openqa.selenium.NoSuchWindowException: no such window: target window already closed
from unknown error: web view not found
  (Session info: chrome=71.0.3578.98)
  (Driver info: chromedriver=2.42.591059 (a3d9684d10d61aa0c45f6723b327283be1ebaad8),platform=Mac OS X 10.13.6 x86_64) (WARNING: The server did not provide any stacktrace information)
Command duration or timeout: 0 milliseconds
Build info: version: &apos;3.14.0&apos;, revision: &apos;aacccce0&apos;, time: &apos;2018-08-02T20:19:58.91Z&apos;
System info: host: &apos;Shahnazs-MBP.fios-router.home&apos;, ip: &apos;fe80:0:0:0:89e:27fe:12dd:8081%en0&apos;, os.name: &apos;Mac OS X&apos;, os.arch: &apos;x86_64&apos;, os.version: &apos;10.13.6&apos;, java.version: &apos;1.8.0_202-ea&apos;
Driver info: org.openqa.selenium.chrome.ChromeDriver
Capabilities {acceptInsecureCerts: false, acceptSslCerts: false, applicationCacheEnabled: false, browserConnectionEnabled: false, browserName: chrome, chrome: {chromedriverVersion: 2.42.591059 (a3d9684d10d61a..., userDataDir: /var/folders/x8/60jw2y790m5...}, cssSelectorsEnabled: true, databaseEnabled: false, goog:chromeOptions: {debuggerAddress: localhost:54300}, handlesAlerts: true, hasTouchScreen: false, javascriptEnabled: true, locationContextEnabled: true, mobileEmulationEnabled: false, nativeEvents: true, networkConnectionEnabled: false, pageLoadStrategy: normal, platform: MAC, platformName: MAC, rotatable: false, setWindowRect: true, takesHeapSnapshot: true, takesScreenshot: true, unexpectedAlertBehaviour: , unhandledPromptBehavior: , version: 71.0.3578.98, webStorageEnabled: true}
Session ID: 18878c4652d1668b9d88ec4fabcdb050
	at org.openqa.selenium.remote.ErrorHandler.createThrowable(ErrorHandler.java:214)
	at org.openqa.selenium.remote.ErrorHandler.throwIfResponseFailed(ErrorHandler.java:166)
	at org.openqa.selenium.remote.http.JsonHttpResponseCodec.reconstructValue(JsonHttpResponseCodec.java:40)
	at org.openqa.selenium.remote.http.AbstractHttpResponseCodec.decode(AbstractHttpResponseCodec.java:80)
	at org.openqa.selenium.remote.http.AbstractHttpResponseCodec.decode(AbstractHttpResponseCodec.java:44)
	at org.openqa.selenium.remote.HttpCommandExecutor.execute(HttpCommandExecutor.java:158)
	at org.openqa.selenium.remote.service.DriverCommandExecutor.execute(DriverCommandExecutor.java:83)
	at org.openqa.selenium.remote.RemoteWebDriver.execute(RemoteWebDriver.java:548)
	at org.openqa.selenium.remote.RemoteWebDriver.execute(RemoteWebDriver.java:605)
	at org.openqa.selenium.remote.RemoteWebDriver.getScreenshotAs(RemoteWebDriver.java:294)
	at base.CommonAPI.captureScreenshot(CommonAPI.java:237)
	at base.CommonAPI.afterEachTestMethod(CommonAPI.java:85)
... Removed 35 stack frames</div></td></tr></table><p class="totop"><a href="#summary">back to summary</a></p>
<h3 id="m1">testHomePage.TestMainPage#MovieTitle</h3><table class="result"><tr><th>Exception</th></tr><tr><td><div class="stacktrace">java.lang.AssertionError: expected [HBO Original Movies &amp; Films: watch Online | HBO Official Site] but found [HBO Original Movies &amp; Films: Watch Online | HBO Official Site]
	at homePage.MainPage.getMovieTitle(MainPage.java:136)
	at testHomePage.TestMainPage.MovieTitle(TestMainPage.java:65)
... Removed 35 stack frames</div></td></tr></table><p class="totop"><a href="#summary">back to summary</a></p>
<h3 id="m2">testHomePage.TestMainPage#getFacebook</h3><table class="result"><tr><th>Exception</th></tr><tr><td><div class="stacktrace">org.openqa.selenium.NoSuchElementException: no such element: Unable to locate element: {&quot;method&quot;:&quot;id&quot;,&quot;selector&quot;:&quot;loginbutton&quot;}
  (Session info: chrome=71.0.3578.98)
  (Driver info: chromedriver=2.42.591059 (a3d9684d10d61aa0c45f6723b327283be1ebaad8),platform=Mac OS X 10.13.6 x86_64) (WARNING: The server did not provide any stacktrace information)
Command duration or timeout: 0 milliseconds
For documentation on this error, please visit: http://seleniumhq.org/exceptions/no_such_element.html
Build info: version: &apos;3.14.0&apos;, revision: &apos;aacccce0&apos;, time: &apos;2018-08-02T20:19:58.91Z&apos;
System info: host: &apos;Shahnazs-MBP.fios-router.home&apos;, ip: &apos;fe80:0:0:0:89e:27fe:12dd:8081%en0&apos;, os.name: &apos;Mac OS X&apos;, os.arch: &apos;x86_64&apos;, os.version: &apos;10.13.6&apos;, java.version: &apos;1.8.0_202-ea&apos;
Driver info: org.openqa.selenium.chrome.ChromeDriver
Capabilities {acceptInsecureCerts: false, acceptSslCerts: false, applicationCacheEnabled: false, browserConnectionEnabled: false, browserName: chrome, chrome: {chromedriverVersion: 2.42.591059 (a3d9684d10d61a..., userDataDir: /var/folders/x8/60jw2y790m5...}, cssSelectorsEnabled: true, databaseEnabled: false, goog:chromeOptions: {debuggerAddress: localhost:52897}, handlesAlerts: true, hasTouchScreen: false, javascriptEnabled: true, locationContextEnabled: true, mobileEmulationEnabled: false, nativeEvents: true, networkConnectionEnabled: false, pageLoadStrategy: normal, platform: MAC, platformName: MAC, rotatable: false, setWindowRect: true, takesHeapSnapshot: true, takesScreenshot: true, unexpectedAlertBehaviour: , unhandledPromptBehavior: , version: 71.0.3578.98, webStorageEnabled: true}
Session ID: 19c678da8de6168ea7fb3ea723981642
*** Element info: {Using=id, value=loginbutton}
	at org.openqa.selenium.remote.ErrorHandler.createThrowable(ErrorHandler.java:214)
	at org.openqa.selenium.remote.ErrorHandler.throwIfResponseFailed(ErrorHandler.java:166)
	at org.openqa.selenium.remote.http.JsonHttpResponseCodec.reconstructValue(JsonHttpResponseCodec.java:40)
	at org.openqa.selenium.remote.http.AbstractHttpResponseCodec.decode(AbstractHttpResponseCodec.java:80)
	at org.openqa.selenium.remote.http.AbstractHttpResponseCodec.decode(AbstractHttpResponseCodec.java:44)
	at org.openqa.selenium.remote.HttpCommandExecutor.execute(HttpCommandExecutor.java:158)
	at org.openqa.selenium.remote.service.DriverCommandExecutor.execute(DriverCommandExecutor.java:83)
	at org.openqa.selenium.remote.RemoteWebDriver.execute(RemoteWebDriver.java:548)
	at org.openqa.selenium.remote.RemoteWebDriver.findElement(RemoteWebDriver.java:322)
	at org.openqa.selenium.remote.RemoteWebDriver.findElementById(RemoteWebDriver.java:368)
	at org.openqa.selenium.By$ById.findElement(By.java:188)
	at org.openqa.selenium.remote.RemoteWebDriver.findElement(RemoteWebDriver.java:314)
	at org.openqa.selenium.support.pagefactory.DefaultElementLocator.findElement(DefaultElementLocator.java:69)
	at org.openqa.selenium.support.pagefactory.internal.LocatingElementHandler.invoke(LocatingElementHandler.java:38)
	at com.sun.proxy.$Proxy11.click(Unknown Source)
	at homePage.MainPage.findFaceBook(MainPage.java:142)
	at testHomePage.TestMainPage.getFacebook(TestMainPage.java:68)
... Removed 33 stack frames</div></td></tr></table><p class="totop"><a href="#summary">back to summary</a></p>
<h3 id="m3">testHomePage.TestMainPage#playVideo</h3><table class="result"><tr><th>Exception</th></tr><tr><td><div class="stacktrace">org.openqa.selenium.NoSuchElementException: no such element: Unable to locate element: {&quot;method&quot;:&quot;xpath&quot;,&quot;selector&quot;:&quot;/html/body/main[@class=&apos;wrapperMain&apos;]/div[6]/div/div//div[@class=&apos;modules/cards/BasicCard--tabletContainer&apos;]/section[@class=&apos;modules/PromotionalCard--carouselContainer&apos;]//div[@class=&apos;components/Carousel--container&apos;]/div[1]/div//div[@class=&apos;components/CardText--body&apos;]/a[@href=&apos;/movies/brexit&apos;]/div[@class=&apos;components/CardText--title&apos;]&quot;}
  (Session info: chrome=71.0.3578.98)
  (Driver info: chromedriver=2.42.591059 (a3d9684d10d61aa0c45f6723b327283be1ebaad8),platform=Mac OS X 10.13.6 x86_64) (WARNING: The server did not provide any stacktrace information)
Command duration or timeout: 0 milliseconds
For documentation on this error, please visit: http://seleniumhq.org/exceptions/no_such_element.html
Build info: version: &apos;3.14.0&apos;, revision: &apos;aacccce0&apos;, time: &apos;2018-08-02T20:19:58.91Z&apos;
System info: host: &apos;Shahnazs-MBP.fios-router.home&apos;, ip: &apos;fe80:0:0:0:89e:27fe:12dd:8081%en0&apos;, os.name: &apos;Mac OS X&apos;, os.arch: &apos;x86_64&apos;, os.version: &apos;10.13.6&apos;, java.version: &apos;1.8.0_202-ea&apos;
Driver info: org.openqa.selenium.chrome.ChromeDriver
Capabilities {acceptInsecureCerts: false, acceptSslCerts: false, applicationCacheEnabled: false, browserConnectionEnabled: false, browserName: chrome, chrome: {chromedriverVersion: 2.42.591059 (a3d9684d10d61a..., userDataDir: /var/folders/x8/60jw2y790m5...}, cssSelectorsEnabled: true, databaseEnabled: false, goog:chromeOptions: {debuggerAddress: localhost:53986}, handlesAlerts: true, hasTouchScreen: false, javascriptEnabled: true, locationContextEnabled: true, mobileEmulationEnabled: false, nativeEvents: true, networkConnectionEnabled: false, pageLoadStrategy: normal, platform: MAC, platformName: MAC, rotatable: false, setWindowRect: true, takesHeapSnapshot: true, takesScreenshot: true, unexpectedAlertBehaviour: , unhandledPromptBehavior: , version: 71.0.3578.98, webStorageEnabled: true}
Session ID: 0267a7c43c2e6ebd345f224607709793
*** Element info: {Using=xpath, value=/html/body/main[@class=&apos;wrapperMain&apos;]/div[6]/div/div//div[@class=&apos;modules/cards/BasicCard--tabletContainer&apos;]/section[@class=&apos;modules/PromotionalCard--carouselContainer&apos;]//div[@class=&apos;components/Carousel--container&apos;]/div[1]/div//div[@class=&apos;components/CardText--body&apos;]/a[@href=&apos;/movies/brexit&apos;]/div[@class=&apos;components/CardText--title&apos;]}
	at org.openqa.selenium.remote.ErrorHandler.createThrowable(ErrorHandler.java:214)
	at org.openqa.selenium.remote.ErrorHandler.throwIfResponseFailed(ErrorHandler.java:166)
	at org.openqa.selenium.remote.http.JsonHttpResponseCodec.reconstructValue(JsonHttpResponseCodec.java:40)
	at org.openqa.selenium.remote.http.AbstractHttpResponseCodec.decode(AbstractHttpResponseCodec.java:80)
	at org.openqa.selenium.remote.http.AbstractHttpResponseCodec.decode(AbstractHttpResponseCodec.java:44)
	at org.openqa.selenium.remote.HttpCommandExecutor.execute(HttpCommandExecutor.java:158)
	at org.openqa.selenium.remote.service.DriverCommandExecutor.execute(DriverCommandExecutor.java:83)
	at org.openqa.selenium.remote.RemoteWebDriver.execute(RemoteWebDriver.java:548)
	at org.openqa.selenium.remote.RemoteWebDriver.findElement(RemoteWebDriver.java:322)
	at org.openqa.selenium.remote.RemoteWebDriver.findElementByXPath(RemoteWebDriver.java:424)
	at org.openqa.selenium.By$ByXPath.findElement(By.java:353)
	at org.openqa.selenium.remote.RemoteWebDriver.findElement(RemoteWebDriver.java:314)
	at org.openqa.selenium.support.pagefactory.DefaultElementLocator.findElement(DefaultElementLocator.java:69)
	at org.openqa.selenium.support.pagefactory.internal.LocatingElementHandler.invoke(LocatingElementHandler.java:38)
	at com.sun.proxy.$Proxy11.click(Unknown Source)
	at homePage.MainPage.setPlayVideo(MainPage.java:193)
	at testHomePage.TestMainPage.playVideo(TestMainPage.java:110)
... Removed 33 stack frames</div></td></tr></table><p class="totop"><a href="#summary">back to summary</a></p>
<h3 id="m4">testHomePage.TestMainPage#searchBox</h3><table class="result"><tr><th>Exception</th></tr><tr><td><div class="stacktrace">org.openqa.selenium.NoSuchElementException: no such element: Unable to locate element: {&quot;method&quot;:&quot;xpath&quot;,&quot;selector&quot;:&quot;//input[@ type=&apos;text&apos;]&quot;}
  (Session info: chrome=71.0.3578.98)
  (Driver info: chromedriver=2.42.591059 (a3d9684d10d61aa0c45f6723b327283be1ebaad8),platform=Mac OS X 10.13.6 x86_64) (WARNING: The server did not provide any stacktrace information)
Command duration or timeout: 0 milliseconds
For documentation on this error, please visit: http://seleniumhq.org/exceptions/no_such_element.html
Build info: version: &apos;3.14.0&apos;, revision: &apos;aacccce0&apos;, time: &apos;2018-08-02T20:19:58.91Z&apos;
System info: host: &apos;Shahnazs-MBP.fios-router.home&apos;, ip: &apos;fe80:0:0:0:89e:27fe:12dd:8081%en0&apos;, os.name: &apos;Mac OS X&apos;, os.arch: &apos;x86_64&apos;, os.version: &apos;10.13.6&apos;, java.version: &apos;1.8.0_202-ea&apos;
Driver info: org.openqa.selenium.chrome.ChromeDriver
Capabilities {acceptInsecureCerts: false, acceptSslCerts: false, applicationCacheEnabled: false, browserConnectionEnabled: false, browserName: chrome, chrome: {chromedriverVersion: 2.42.591059 (a3d9684d10d61a..., userDataDir: /var/folders/x8/60jw2y790m5...}, cssSelectorsEnabled: true, databaseEnabled: false, goog:chromeOptions: {debuggerAddress: localhost:54131}, handlesAlerts: true, hasTouchScreen: false, javascriptEnabled: true, locationContextEnabled: true, mobileEmulationEnabled: false, nativeEvents: true, networkConnectionEnabled: false, pageLoadStrategy: normal, platform: MAC, platformName: MAC, rotatable: false, setWindowRect: true, takesHeapSnapshot: true, takesScreenshot: true, unexpectedAlertBehaviour: , unhandledPromptBehavior: , version: 71.0.3578.98, webStorageEnabled: true}
Session ID: 2d61304e253b16c7354bfc8f164ba54c
*** Element info: {Using=xpath, value=//input[@ type=&apos;text&apos;]}
	at org.openqa.selenium.remote.ErrorHandler.createThrowable(ErrorHandler.java:214)
	at org.openqa.selenium.remote.ErrorHandler.throwIfResponseFailed(ErrorHandler.java:166)
	at org.openqa.selenium.remote.http.JsonHttpResponseCodec.reconstructValue(JsonHttpResponseCodec.java:40)
	at org.openqa.selenium.remote.http.AbstractHttpResponseCodec.decode(AbstractHttpResponseCodec.java:80)
	at org.openqa.selenium.remote.http.AbstractHttpResponseCodec.decode(AbstractHttpResponseCodec.java:44)
	at org.openqa.selenium.remote.HttpCommandExecutor.execute(HttpCommandExecutor.java:158)
	at org.openqa.selenium.remote.service.DriverCommandExecutor.execute(DriverCommandExecutor.java:83)
	at org.openqa.selenium.remote.RemoteWebDriver.execute(RemoteWebDriver.java:548)
	at org.openqa.selenium.remote.RemoteWebDriver.findElement(RemoteWebDriver.java:322)
	at org.openqa.selenium.remote.RemoteWebDriver.findElementByXPath(RemoteWebDriver.java:424)
	at org.openqa.selenium.By$ByXPath.findElement(By.java:353)
	at org.openqa.selenium.remote.RemoteWebDriver.findElement(RemoteWebDriver.java:314)
	at org.openqa.selenium.support.pagefactory.DefaultElementLocator.findElement(DefaultElementLocator.java:69)
	at org.openqa.selenium.support.pagefactory.internal.LocatingElementHandler.invoke(LocatingElementHandler.java:38)
	at com.sun.proxy.$Proxy11.sendKeys(Unknown Source)
	at homePage.MainPage.findSearchBx(MainPage.java:109)
	at testHomePage.TestMainPage.searchBox(TestMainPage.java:39)
... Removed 33 stack frames</div></td></tr></table><p class="totop"><a href="#summary">back to summary</a></p>
<h3 id="m5">testHomePage.TestMainPage#showImage</h3><table class="result"><tr><th>Exception</th></tr><tr><td><div class="stacktrace">java.lang.NullPointerException
	at org.openqa.selenium.support.pagefactory.internal.LocatingElementHandler.invoke(LocatingElementHandler.java:51)
	at com.sun.proxy.$Proxy11.isDisplayed(Unknown Source)
	at homePage.MainPage.imageVarification(MainPage.java:188)
	at testHomePage.TestMainPage.showImage(TestMainPage.java:107)
... Removed 33 stack frames</div></td></tr></table><p class="totop"><a href="#summary">back to summary</a></p>
<h3 id="m6">testHomePage.TestMainPage#afterEachTestMethod</h3><table class="result"><tr><th class="invisible"/></tr></table><p class="totop"><a href="#summary">back to summary</a></p>
<h3 id="m7">testHomePage.TestMainPage#cleanUP</h3><table class="result"><tr><th class="invisible"/></tr></table><p class="totop"><a href="#summary">back to summary</a></p>
<h3 id="m8">testHomePage.TestMainPage#cleanUP</h3><table class="result"><tr><th class="invisible"/></tr></table><p class="totop"><a href="#summary">back to summary</a></p>
<h3 id="m9">testHomePage.TestMainPage#generateReport</h3><table class="result"><tr><th class="invisible"/></tr></table><p class="totop"><a href="#summary">back to summary</a></p>
<h3 id="m10">testHomePage.TestMainPage#getInformation</h3><table class="result"><tr><th class="invisible"/></tr></table><p class="totop"><a href="#summary">back to summary</a></p>
<h3 id="m11">testHomePage.TestMainPage#setUp</h3><table class="result"><tr><th class="invisible"/></tr></table><p class="totop"><a href="#summary">back to summary</a></p>
<h3 id="m12">testHomePage.TestMainPage#startExtent</h3><table class="result"><tr><th class="invisible"/></tr></table><p class="totop"><a href="#summary">back to summary</a></p>
<h3 id="m13">testHomePage.TestMainPage#signIn</h3><table class="result"><tr><th>Exception</th></tr><tr><td><div class="stacktrace">org.openqa.selenium.NoSuchWindowException: no such window: target window already closed
from unknown error: web view not found
  (Session info: chrome=71.0.3578.98)
  (Driver info: chromedriver=2.42.591059 (a3d9684d10d61aa0c45f6723b327283be1ebaad8),platform=Mac OS X 10.13.6 x86_64) (WARNING: The server did not provide any stacktrace information)
Command duration or timeout: 0 milliseconds
Build info: version: &apos;3.14.0&apos;, revision: &apos;aacccce0&apos;, time: &apos;2018-08-02T20:19:58.91Z&apos;
System info: host: &apos;Shahnazs-MBP.fios-router.home&apos;, ip: &apos;fe80:0:0:0:89e:27fe:12dd:8081%en0&apos;, os.name: &apos;Mac OS X&apos;, os.arch: &apos;x86_64&apos;, os.version: &apos;10.13.6&apos;, java.version: &apos;1.8.0_202-ea&apos;
Driver info: org.openqa.selenium.chrome.ChromeDriver
Capabilities {acceptInsecureCerts: false, acceptSslCerts: false, applicationCacheEnabled: false, browserConnectionEnabled: false, browserName: chrome, chrome: {chromedriverVersion: 2.42.591059 (a3d9684d10d61a..., userDataDir: /var/folders/x8/60jw2y790m5...}, cssSelectorsEnabled: true, databaseEnabled: false, goog:chromeOptions: {debuggerAddress: localhost:54300}, handlesAlerts: true, hasTouchScreen: false, javascriptEnabled: true, locationContextEnabled: true, mobileEmulationEnabled: false, nativeEvents: true, networkConnectionEnabled: false, pageLoadStrategy: normal, platform: MAC, platformName: MAC, rotatable: false, setWindowRect: true, takesHeapSnapshot: true, takesScreenshot: true, unexpectedAlertBehaviour: , unhandledPromptBehavior: , version: 71.0.3578.98, webStorageEnabled: true}
Session ID: 18878c4652d1668b9d88ec4fabcdb050
	at org.openqa.selenium.remote.ErrorHandler.createThrowable(ErrorHandler.java:214)
	at org.openqa.selenium.remote.ErrorHandler.throwIfResponseFailed(ErrorHandler.java:166)
	at org.openqa.selenium.remote.http.JsonHttpResponseCodec.reconstructValue(JsonHttpResponseCodec.java:40)
	at org.openqa.selenium.remote.http.AbstractHttpResponseCodec.decode(AbstractHttpResponseCodec.java:80)
	at org.openqa.selenium.remote.http.AbstractHttpResponseCodec.decode(AbstractHttpResponseCodec.java:44)
	at org.openqa.selenium.remote.HttpCommandExecutor.execute(HttpCommandExecutor.java:158)
	at org.openqa.selenium.remote.service.DriverCommandExecutor.execute(DriverCommandExecutor.java:83)
	at org.openqa.selenium.remote.RemoteWebDriver.execute(RemoteWebDriver.java:548)
	at org.openqa.selenium.remote.RemoteWebDriver.execute(RemoteWebDriver.java:605)
	at org.openqa.selenium.remote.RemoteWebDriver.getScreenshotAs(RemoteWebDriver.java:294)
	at base.CommonAPI.captureScreenshot(CommonAPI.java:237)
	at base.CommonAPI.afterEachTestMethod(CommonAPI.java:85)
... Removed 35 stack frames</div></td></tr></table><p class="totop"><a href="#summary">back to summary</a></p>
<h3 id="m14">testHomePage.TestMainPage#checkMovies</h3><table class="result"><tr><th class="invisible"/></tr></table><p class="totop"><a href="#summary">back to summary</a></p>
<h3 id="m15">testHomePage.TestMainPage#checkSpecials</h3><table class="result"><tr><th class="invisible"/></tr></table><p class="totop"><a href="#summary">back to summary</a></p>
<h3 id="m16">testHomePage.TestMainPage#dropDownHandle</h3><table class="result"><tr><th class="invisible"/></tr></table><p class="totop"><a href="#summary">back to summary</a></p>
<h3 id="m17">testHomePage.TestMainPage#findepisodes</h3><table class="result"><tr><th class="invisible"/></tr></table><p class="totop"><a href="#summary">back to summary</a></p>
<h3 id="m18">testHomePage.TestMainPage#getAbout</h3><table class="result"><tr><th class="invisible"/></tr></table><p class="totop"><a href="#summary">back to summary</a></p>
<h3 id="m19">testHomePage.TestMainPage#getAdChoices</h3><table class="result"><tr><th class="invisible"/></tr></table><p class="totop"><a href="#summary">back to summary</a></p>
<h3 id="m20">testHomePage.TestMainPage#getAllMovOrder</h3><table class="result"><tr><th class="invisible"/></tr></table><p class="totop"><a href="#summary">back to summary</a></p>
<h3 id="m21">testHomePage.TestMainPage#getAssert</h3><table class="result"><tr><th class="invisible"/></tr></table><p class="totop"><a href="#summary">back to summary</a></p>
<h3 id="m22">testHomePage.TestMainPage#getCareerFrHbo</h3><table class="result"><tr><th class="invisible"/></tr></table><p class="totop"><a href="#summary">back to summary</a></p>
<h3 id="m23">testHomePage.TestMainPage#getHBo</h3><table class="result"><tr><th class="invisible"/></tr></table><p class="totop"><a href="#summary">back to summary</a></p>
<h3 id="m24">testHomePage.TestMainPage#getHboInspire</h3><table class="result"><tr><th class="invisible"/></tr></table><p class="totop"><a href="#summary">back to summary</a></p>
<h3 id="m25">testHomePage.TestMainPage#getHelpForHbo</h3><table class="result"><tr><th class="invisible"/></tr></table><p class="totop"><a href="#summary">back to summary</a></p>
<h3 id="m26">testHomePage.TestMainPage#getInstogram</h3><table class="result"><tr><th class="invisible"/></tr></table><p class="totop"><a href="#summary">back to summary</a></p>
<h3 id="m27">testHomePage.TestMainPage#getPrivatePolicy</h3><table class="result"><tr><th class="invisible"/></tr></table><p class="totop"><a href="#summary">back to summary</a></p>
<h3 id="m28">testHomePage.TestMainPage#getShopping</h3><table class="result"><tr><th class="invisible"/></tr></table><p class="totop"><a href="#summary">back to summary</a></p>
<h3 id="m29">testHomePage.TestMainPage#getSportsUrl</h3><table class="result"><tr><th class="invisible"/></tr></table><p class="totop"><a href="#summary">back to summary</a></p>
<h3 id="m30">testHomePage.TestMainPage#getTermsInHbo</h3><table class="result"><tr><th class="invisible"/></tr></table><p class="totop"><a href="#summary">back to summary</a></p>
<h3 id="m31">testHomePage.TestMainPage#getText</h3><table class="result"><tr><th class="invisible"/></tr></table><p class="totop"><a href="#summary">back to summary</a></p>
<h3 id="m32">testHomePage.TestMainPage#getTitle</h3><table class="result"><tr><th class="invisible"/></tr></table><p class="totop"><a href="#summary">back to summary</a></p>
<h3 id="m33">testHomePage.TestMainPage#getTwitter</h3><table class="result"><tr><th class="invisible"/></tr></table><p class="totop"><a href="#summary">back to summary</a></p>
<h3 id="m34">testHomePage.TestMainPage#getWaytoGet</h3><table class="result"><tr><th class="invisible"/></tr></table><p class="totop"><a href="#summary">back to summary</a></p>
<h3 id="m35">testHomePage.TestMainPage#getWebElementList</h3><table class="result"><tr><th class="invisible"/></tr></table><p class="totop"><a href="#summary">back to summary</a></p>
<h3 id="m36">testHomePage.TestMainPage#kids</h3><table class="result"><tr><th class="invisible"/></tr></table><p class="totop"><a href="#summary">back to summary</a></p>
<h3 id="m37">testHomePage.TestMainPage#logoTab</h3><table class="result"><tr><th class="invisible"/></tr></table><p class="totop"><a href="#summary">back to summary</a></p>
<h3 id="m38">testHomePage.TestMainPage#schedule</h3><table class="result"><tr><th class="invisible"/></tr></table><p class="totop"><a href="#summary">back to summary</a></p>
<h3 id="m39">testHomePage.TestMainPage#searchIcon</h3><table class="result"><tr><th class="invisible"/></tr></table><p class="totop"><a href="#summary">back to summary</a></p>
</body>
</html>
